D, [2017-04-12T19:05:34.604642 #6983] DEBUG -- :   [1m[35m (18.5ms)[0m  [1m[35mCREATE TABLE "schema_migrations" ("version" varchar NOT NULL PRIMARY KEY)[0m
D, [2017-04-12T19:05:34.628844 #6983] DEBUG -- :   [1m[35m (17.8ms)[0m  [1m[35mCREATE TABLE "ar_internal_metadata" ("key" varchar NOT NULL PRIMARY KEY, "value" varchar, "created_at" datetime NOT NULL, "updated_at" datetime NOT NULL)[0m
D, [2017-04-12T19:05:34.652446 #6983] DEBUG -- :   [1m[36mActiveRecord::SchemaMigration Load (0.4ms)[0m  [1m[34mSELECT "schema_migrations".* FROM "schema_migrations"[0m
I, [2017-04-12T19:05:34.660621 #6983]  INFO -- : Migrating to CreateCategories (20170412050154)
D, [2017-04-12T19:05:34.664115 #6983] DEBUG -- :   [1m[35m (0.2ms)[0m  [1m[36mbegin transaction[0m
D, [2017-04-12T19:05:34.666181 #6983] DEBUG -- :   [1m[35m (0.7ms)[0m  [1m[35mCREATE TABLE "categories" ("id" INTEGER PRIMARY KEY AUTOINCREMENT NOT NULL, "author" varchar, "words" varchar, "created_at" datetime NOT NULL, "updated_at" datetime NOT NULL)[0m
D, [2017-04-12T19:05:34.669878 #6983] DEBUG -- :   [1m[35mSQL (0.2ms)[0m  [1m[32mINSERT INTO "schema_migrations" ("version") VALUES (?)[0m  [["version", "20170412050154"]]
D, [2017-04-12T19:05:34.682424 #6983] DEBUG -- :   [1m[35m (12.1ms)[0m  [1m[36mcommit transaction[0m
I, [2017-04-12T19:05:34.682625 #6983]  INFO -- : Migrating to CreateUsers (20170412180803)
D, [2017-04-12T19:05:34.683475 #6983] DEBUG -- :   [1m[35m (0.1ms)[0m  [1m[36mbegin transaction[0m
D, [2017-04-12T19:05:34.684889 #6983] DEBUG -- :   [1m[35m (0.5ms)[0m  [1m[35mCREATE TABLE "users" ("id" INTEGER PRIMARY KEY AUTOINCREMENT NOT NULL, "name" varchar, "email" varchar, "created_at" datetime NOT NULL, "updated_at" datetime NOT NULL)[0m
D, [2017-04-12T19:05:34.686158 #6983] DEBUG -- :   [1m[35mSQL (0.2ms)[0m  [1m[32mINSERT INTO "schema_migrations" ("version") VALUES (?)[0m  [["version", "20170412180803"]]
D, [2017-04-12T19:05:34.701398 #6983] DEBUG -- :   [1m[35m (14.9ms)[0m  [1m[36mcommit transaction[0m
I, [2017-04-12T19:05:34.701757 #6983]  INFO -- : Migrating to AddIndexToUsersEmail (20170412182451)
D, [2017-04-12T19:05:34.702906 #6983] DEBUG -- :   [1m[35m (0.1ms)[0m  [1m[36mbegin transaction[0m
D, [2017-04-12T19:05:34.703624 #6983] DEBUG -- :   [1m[35m (0.2ms)[0m  [1m[34mselect sqlite_version(*)[0m
D, [2017-04-12T19:05:34.704858 #6983] DEBUG -- :   [1m[35m (0.4ms)[0m  [1m[35mCREATE UNIQUE INDEX "index_users_on_email" ON "users" ("email")[0m
D, [2017-04-12T19:05:34.706490 #6983] DEBUG -- :   [1m[35mSQL (0.1ms)[0m  [1m[32mINSERT INTO "schema_migrations" ("version") VALUES (?)[0m  [["version", "20170412182451"]]
D, [2017-04-12T19:05:34.718402 #6983] DEBUG -- :   [1m[35m (11.5ms)[0m  [1m[36mcommit transaction[0m
I, [2017-04-12T19:05:34.718641 #6983]  INFO -- : Migrating to AddPasswordDigestToUsers (20170412182904)
D, [2017-04-12T19:05:34.719817 #6983] DEBUG -- :   [1m[35m (0.1ms)[0m  [1m[36mbegin transaction[0m
D, [2017-04-12T19:05:34.721156 #6983] DEBUG -- :   [1m[35m (0.7ms)[0m  [1m[35mALTER TABLE "users" ADD "password_digest" varchar[0m
D, [2017-04-12T19:05:34.723201 #6983] DEBUG -- :   [1m[35mSQL (0.3ms)[0m  [1m[32mINSERT INTO "schema_migrations" ("version") VALUES (?)[0m  [["version", "20170412182904"]]
D, [2017-04-12T19:05:34.734993 #6983] DEBUG -- :   [1m[35m (11.4ms)[0m  [1m[36mcommit transaction[0m
D, [2017-04-12T19:05:34.740610 #6983] DEBUG -- :   [1m[36mActiveRecord::InternalMetadata Load (0.3ms)[0m  [1m[34mSELECT  "ar_internal_metadata".* FROM "ar_internal_metadata" WHERE "ar_internal_metadata"."key" = ? LIMIT ?[0m  [["key", :environment], ["LIMIT", 1]]
D, [2017-04-12T19:05:34.746364 #6983] DEBUG -- :   [1m[35m (0.2ms)[0m  [1m[36mbegin transaction[0m
D, [2017-04-12T19:05:34.748336 #6983] DEBUG -- :   [1m[35mSQL (0.4ms)[0m  [1m[32mINSERT INTO "ar_internal_metadata" ("key", "value", "created_at", "updated_at") VALUES (?, ?, ?, ?)[0m  [["key", "environment"], ["value", "production"], ["created_at", 2017-04-12 19:05:34 UTC], ["updated_at", 2017-04-12 19:05:34 UTC]]
D, [2017-04-12T19:05:34.762512 #6983] DEBUG -- :   [1m[35m (13.7ms)[0m  [1m[36mcommit transaction[0m
